[2022-08-21 06:37:58,851] WARNING [django.request.log_response:241] Unauthorized: /cicd/
[2022-08-21 06:38:13,421] ERROR [django.request.log_response:241] Internal Server Error: /cicd/
[2022-08-21 06:39:34,418] ERROR [django.request.log_response:241] Internal Server Error: /cicd/
Traceback (most recent call last):
  File "/usr/local/lib/python3.9/site-packages/django/core/handlers/exception.py", line 55, in inner
    response = get_response(request)
  File "/usr/local/lib/python3.9/site-packages/django/core/handlers/base.py", line 197, in _get_response
    response = wrapped_callback(request, *callback_args, **callback_kwargs)
  File "/usr/local/lib/python3.9/site-packages/django/views/decorators/csrf.py", line 54, in wrapped_view
    return view_func(*args, **kwargs)
  File "/usr/local/lib/python3.9/site-packages/django/views/generic/base.py", line 84, in view
    return self.dispatch(request, *args, **kwargs)
  File "/usr/local/lib/python3.9/site-packages/rest_framework/views.py", line 509, in dispatch
    response = self.handle_exception(exc)
  File "/usr/local/lib/python3.9/site-packages/rest_framework/views.py", line 469, in handle_exception
    self.raise_uncaught_exception(exc)
  File "/usr/local/lib/python3.9/site-packages/rest_framework/views.py", line 480, in raise_uncaught_exception
    raise exc
  File "/usr/local/lib/python3.9/site-packages/rest_framework/views.py", line 506, in dispatch
    response = handler(request, *args, **kwargs)
  File "/usr/local/lib/python3.9/site-packages/rest_framework/generics.py", line 208, in get
    return self.retrieve(request, *args, **kwargs)
  File "/usr/src/app/hello_world/views.py", line 37, in retrieve
    send_html_mail('This is test subject', msg_html, ['nguoibimatthegioi@gmail.com'])
  File "/usr/src/app/shared/utils.py", line 132, in send_html_mail
    msg_html = render_to_string(template, context = context)
  File "/usr/local/lib/python3.9/site-packages/django/template/loader.py", line 59, in render_to_string
    template = select_template(template_name, using=using)
  File "/usr/local/lib/python3.9/site-packages/django/template/loader.py", line 47, in select_template
    raise TemplateDoesNotExist(", ".join(template_name_list), chain=chain)
django.template.exceptions.TemplateDoesNotExist: nguoibimatthegioi@gmail.com
[2022-08-21 06:45:51,541] ERROR [shared.exception_handler.__handle_template_error:132] nguoibimatthegioi@gmail.com
[2022-08-21 06:45:51,547] ERROR [django.request.log_response:241] Internal Server Error: /cicd/
[2022-08-21 06:47:08,606] ERROR [django.request.log_response:241] Internal Server Error: /cicd/
