[2022-08-06 06:00:44,920] WARNING [django.request.log_response:241] Unauthorized: /health-records/1/
[2022-08-06 06:16:44,706] ERROR [shared.exception_handler.__handle_attribute_error:121] Cannot find 'appointments' on HealthRecord object, 'appointments' is an invalid parameter to prefetch_related()
[2022-08-06 06:16:44,709] ERROR [django.request.log_response:241] Internal Server Error: /user/health-records/
[2022-08-06 06:17:20,368] ERROR [django.request.log_response:241] Internal Server Error: /user/health-records/
Traceback (most recent call last):
  File "/usr/local/lib/python3.9/site-packages/django/core/handlers/exception.py", line 55, in inner
    response = get_response(request)
  File "/usr/local/lib/python3.9/site-packages/django/core/handlers/base.py", line 197, in _get_response
    response = wrapped_callback(request, *callback_args, **callback_kwargs)
  File "/usr/local/lib/python3.9/site-packages/django/views/decorators/csrf.py", line 54, in wrapped_view
    return view_func(*args, **kwargs)
  File "/usr/local/lib/python3.9/site-packages/django/views/generic/base.py", line 84, in view
    return self.dispatch(request, *args, **kwargs)
  File "/usr/local/lib/python3.9/site-packages/rest_framework/views.py", line 509, in dispatch
    response = self.handle_exception(exc)
  File "/usr/local/lib/python3.9/site-packages/rest_framework/views.py", line 469, in handle_exception
    self.raise_uncaught_exception(exc)
  File "/usr/local/lib/python3.9/site-packages/rest_framework/views.py", line 480, in raise_uncaught_exception
    raise exc
  File "/usr/local/lib/python3.9/site-packages/rest_framework/views.py", line 506, in dispatch
    response = handler(request, *args, **kwargs)
  File "/usr/local/lib/python3.9/site-packages/rest_framework/generics.py", line 239, in get
    return self.list(request, *args, **kwargs)
  File "/usr/src/app/health_record/views.py", line 53, in list
    ret_list = list(data)
  File "/usr/local/lib/python3.9/site-packages/django/db/models/query.py", line 302, in __len__
    self._fetch_all()
  File "/usr/local/lib/python3.9/site-packages/django/db/models/query.py", line 1509, in _fetch_all
    self._prefetch_related_objects()
  File "/usr/local/lib/python3.9/site-packages/django/db/models/query.py", line 915, in _prefetch_related_objects
    prefetch_related_objects(self._result_cache, *self._prefetch_related_lookups)
  File "/usr/local/lib/python3.9/site-packages/django/db/models/query.py", line 1935, in prefetch_related_objects
    raise AttributeError(
AttributeError: Cannot find 'appointments' on HealthRecord object, 'appointments' is an invalid parameter to prefetch_related()
[2022-08-06 06:36:39,798] ERROR [shared.exception_handler.__handle_attribute_error:121] 'NoneType' object has no attribute 'firstName'
[2022-08-06 06:36:39,801] ERROR [django.request.log_response:241] Internal Server Error: /user/health-records/
[2022-08-06 06:40:03,424] ERROR [shared.exception_handler.__handle_attribute_error:121] 'NoneType' object has no attribute 'firstName'
[2022-08-06 06:40:03,429] ERROR [django.request.log_response:241] Internal Server Error: /user/health-records/
[2022-08-06 06:55:31,550] ERROR [django.request.log_response:241] Internal Server Error: /user/health-records/
[2022-08-06 07:18:38,802] ERROR [django.request.log_response:241] Internal Server Error: /doctor/1/
[2022-08-06 07:19:47,514] ERROR [shared.exception_handler.__handle_http404:111] Doctor matching query does not exist.
[2022-08-06 07:19:47,518] WARNING [django.request.log_response:241] Not Found: /doctor/1/
[2022-08-06 07:20:04,850] ERROR [shared.exception_handler.__handle_http404:111] Doctor matching query does not exist.
[2022-08-06 07:20:04,854] WARNING [django.request.log_response:241] Not Found: /doctor/2/
[2022-08-06 07:22:32,832] WARNING [django.request.log_response:241] Not Found: /appointments/
[2022-08-06 07:44:48,718] WARNING [django.request.log_response:241] Not Found: /appointments/
[2022-08-06 07:45:24,854] WARNING [django.request.log_response:241] Bad Request: /appointments/
[2022-08-06 07:46:15,778] WARNING [django.request.log_response:241] Bad Request: /appointments/
[2022-08-06 07:48:38,885] WARNING [django.request.log_response:241] Bad Request: /appointments/
[2022-08-06 07:48:42,065] WARNING [django.request.log_response:241] Bad Request: /appointments/
[2022-08-06 07:48:43,509] WARNING [django.request.log_response:241] Bad Request: /appointments/
[2022-08-06 07:49:22,620] WARNING [django.request.log_response:241] Bad Request: /appointments/
[2022-08-06 08:19:22,781] ERROR [django.request.log_response:241] Internal Server Error: /appointments/
[2022-08-06 08:30:53,624] ERROR [django.request.log_response:241] Internal Server Error: /appointments/
[2022-08-06 08:31:40,368] ERROR [django.request.log_response:241] Internal Server Error: /appointments/
[2022-08-06 08:55:29,210] ERROR [django.request.log_response:241] Internal Server Error: /appointments/
Traceback (most recent call last):
  File "/usr/local/lib/python3.9/site-packages/django/core/handlers/exception.py", line 55, in inner
    response = get_response(request)
  File "/usr/local/lib/python3.9/site-packages/django/core/handlers/base.py", line 220, in _get_response
    response = response.render()
  File "/usr/local/lib/python3.9/site-packages/django/template/response.py", line 114, in render
    self.content = self.rendered_content
  File "/usr/local/lib/python3.9/site-packages/rest_framework/response.py", line 70, in rendered_content
    ret = renderer.render(self.data, accepted_media_type, context)
  File "/usr/local/lib/python3.9/site-packages/rest_framework/renderers.py", line 100, in render
    ret = json.dumps(
  File "/usr/local/lib/python3.9/site-packages/rest_framework/utils/json.py", line 25, in dumps
    return json.dumps(*args, **kwargs)
  File "/usr/local/lib/python3.9/json/__init__.py", line 234, in dumps
    return cls(
  File "/usr/local/lib/python3.9/json/encoder.py", line 199, in encode
    chunks = self.iterencode(o, _one_shot=True)
  File "/usr/local/lib/python3.9/json/encoder.py", line 257, in iterencode
    return _iterencode(o, 0)
  File "/usr/local/lib/python3.9/site-packages/rest_framework/utils/encoders.py", line 67, in default
    return super().default(obj)
  File "/usr/local/lib/python3.9/json/encoder.py", line 179, in default
    raise TypeError(f'Object of type {o.__class__.__name__} '
TypeError: Object of type User is not JSON serializable
[2022-08-06 09:15:14,659] WARNING [django.request.log_response:241] Bad Request: /appointments/
[2022-08-06 09:18:14,810] WARNING [django.request.log_response:241] Bad Request: /appointments/
