[2022-11-30 11:02:37,633] WARNING [django.request.log_response:241] Bad Request: /contract/
[2022-11-30 11:02:48,619] WARNING [django.request.log_response:241] Bad Request: /contract/
[2022-11-30 11:26:46,378] WARNING [django.request.log_response:241] Forbidden: /contract/
[2022-11-30 11:26:57,551] WARNING [django.request.log_response:241] Bad Request: /contract/
[2022-11-30 11:27:10,844] WARNING [django.request.log_response:241] Bad Request: /contract/
[2022-11-30 11:27:20,264] WARNING [django.request.log_response:241] Bad Request: /contract/
[2022-11-30 11:28:16,698] WARNING [django.request.log_response:241] Forbidden: /contract/doctor/46/approve/
[2022-11-30 11:28:26,824] ERROR [django.request.log_response:241] Internal Server Error: /contract/doctor/46/approve/
[2022-11-30 11:37:18,929] ERROR [django.request.log_response:241] Internal Server Error: /contract/doctor/46/approve/
[2022-11-30 11:39:35,092] ERROR [django.request.log_response:241] Internal Server Error: /contract/doctor/47/approve/
[2022-11-30 11:40:41,377] ERROR [django.request.log_response:241] Internal Server Error: /contract/doctor/47/approve/
[2022-11-30 11:41:08,524] ERROR [shared.exception_handler.__handle_attribute_error:122] 'GenericRelatedObjectManager' object has no attribute 'pk'
[2022-11-30 11:41:08,528] ERROR [django.request.log_response:241] Internal Server Error: /contract/doctor/47/approve/
[2022-11-30 11:48:03,332] ERROR [django.request.log_response:241] Internal Server Error: /contract/doctor/47/approve/
[2022-11-30 11:51:24,413] WARNING [django.request.log_response:241] Bad Request: /contract/
[2022-11-30 11:52:56,155] WARNING [django.request.log_response:241] Forbidden: /contract/doctor/48/approve/
[2022-11-30 11:56:14,510] ERROR [django.request.log_response:241] Internal Server Error: /contract/doctor/49/approve/
[2022-11-30 12:04:44,414] ERROR [django.request.log_response:241] Internal Server Error: /contract/doctor/49/approve/
[2022-11-30 12:05:09,761] ERROR [shared.exception_handler.__handle_attribute_error:122] Cannot find 'order_set' on TreatmentContract object, 'order_set' is an invalid parameter to prefetch_related()
[2022-11-30 12:05:09,766] ERROR [django.request.log_response:241] Internal Server Error: /contract/doctor/49/approve/
[2022-11-30 12:20:06,769] ERROR [django.request.log_response:241] Internal Server Error: /contract/supervisor/49/sign
[2022-11-30 12:21:39,566] ERROR [django.request.log_response:241] Internal Server Error: /contract/supervisor/49/sign
[2022-11-30 12:22:04,471] ERROR [django.request.log_response:241] Internal Server Error: /contract/supervisor/49/sign
[2022-11-30 13:04:03,695] ERROR [django.request.log_response:241] Internal Server Error: /contract/supervisor/48/cancel
[2022-11-30 13:10:11,554] WARNING [django.request.log_response:241] Forbidden: /contract/doctor/list/
[2022-11-30 13:13:04,363] WARNING [django.request.log_response:241] Forbidden: /contract/supervisor/49/cancel
[2022-11-30 13:13:18,285] ERROR [django.request.log_response:241] Internal Server Error: /contract/supervisor/49/cancel
[2022-11-30 13:14:22,305] ERROR [django.request.log_response:241] Internal Server Error: /contract/supervisor/49/cancel
[2022-11-30 13:15:46,011] ERROR [django.request.log_response:241] Internal Server Error: /contract/supervisor/49/cancel
[2022-11-30 13:17:28,441] ERROR [django.request.log_response:241] Internal Server Error: /contract/supervisor/49/cancel
[2022-11-30 13:18:03,487] ERROR [django.request.log_response:241] Internal Server Error: /contract/supervisor/49/cancel
[2022-11-30 13:18:44,443] ERROR [django.request.log_response:241] Internal Server Error: /contract/supervisor/49/cancel
[2022-11-30 13:19:30,839] ERROR [django.request.log_response:241] Internal Server Error: /contract/supervisor/49/cancel
[2022-11-30 13:20:03,318] ERROR [django.request.log_response:241] Internal Server Error: /contract/supervisor/49/cancel
[2022-11-30 13:20:50,877] ERROR [django.request.log_response:241] Internal Server Error: /contract/supervisor/49/cancel
[2022-11-30 13:24:15,608] ERROR [django.request.log_response:241] Internal Server Error: /contract/supervisor/49/cancel
[2022-11-30 13:52:00,186] ERROR [django.request.log_response:241] Internal Server Error: /contract/supervisor/49/cancel
[2022-11-30 19:19:50,638] WARNING [django.request.log_response:241] Forbidden: /contract/supervisor/49
